
FAILURE: Build failed with an exception.

* Where:
Build file '/mnt/batch/tasks/workitems/NONDEX_nondex_r131_1M31d16h48m2s/job-1/Task1125/wd/NonDex-plugin-test/github.com/rieske/gradle-plugins-sample/build.gradle' line: 4

* What went wrong:
Plugin [id: 'com.example.published-example-plugin', version: '42.0'] was not found in any of the following sources:

- Gradle Core Plugins (plugin is not in 'org.gradle' namespace)
- Included Builds (None of the included builds contain this plugin)
- Plugin Repositories (could not resolve plugin artifact 'com.example.published-example-plugin:com.example.published-example-plugin.gradle.plugin:42.0')
  Searched in the following repositories:
    Gradle Central Plugin Repository
    maven(file:/mnt/batch/tasks/workitems/NONDEX_nondex_r131_1M31d16h48m2s/job-1/Task1125/wd/NonDex-plugin-test/github.com/rieske/gradle-plugins-sample/maven-repo)

* Try:
> Run with --stacktrace option to get the stack trace.
> Run with --info or --debug option to get more log output.
> Run with --scan to get full insights.

* Get more help at https://help.gradle.org

BUILD FAILED in 52s
